This file contains any messages produced by compilers while
running configure, to aid debugging if configure makes a mistake.

It was created by libclamavc++ configure devel, which was
generated by GNU Autoconf 2.68.  Invocation command line was

  $ ./configure --disable-option-checking --prefix=/usr/local --enable-ltdl-convenience --cache-file=/dev/null --srcdir=.

## --------- ##
## Platform. ##
## --------- ##

hostname = raspberrypi
uname -m = armv7l
uname -r = 4.1.7-v7+
uname -s = Linux
uname -v = #817 SMP PREEMPT Sat Sep 19 15:32:00 BST 2015

/usr/bin/uname -p = unknown
/bin/uname -X     = unknown

/bin/arch              = unknown
/usr/bin/arch -k       = unknown
/usr/convex/getsysinfo = unknown
/usr/bin/hostinfo      = unknown
/bin/machine           = unknown
/usr/bin/oslevel       = unknown
/bin/universe          = unknown

PATH: /usr/local/sbin
PATH: /usr/local/bin
PATH: /usr/sbin
PATH: /usr/bin
PATH: /sbin
PATH: /bin
PATH: /usr/local/games
PATH: /usr/games


## ----------- ##
## Core tests. ##
## ----------- ##

configure:2351: checking build system type
configure:2365: result: armv7l-unknown-linux-gnueabihf
configure:2385: checking host system type
configure:2398: result: armv7l-unknown-linux-gnueabihf
configure:2418: checking target system type
configure:2431: result: armv7l-unknown-linux-gnueabihf
configure:2473: checking for a BSD-compatible install
configure:2541: result: /usr/bin/install -c
configure:2552: checking whether build environment is sane
configure:2602: result: yes
configure:2743: checking for a thread-safe mkdir -p
configure:2782: result: /bin/mkdir -p
configure:2795: checking for gawk
configure:2825: result: no
configure:2795: checking for mawk
configure:2811: found /usr/bin/mawk
configure:2822: result: mawk
configure:2833: checking whether make sets $(MAKE)
configure:2855: result: yes
configure:2921: checking how to create a pax tar archive
configure:2934: tar --version
tar (GNU tar) 1.27.1
Copyright (C) 2013 Free Software Foundation, Inc.
License GPLv3+: GNU GPL version 3 or later <http://gnu.org/licenses/gpl.html>.
This is free software: you are free to change and redistribute it.
There is NO WARRANTY, to the extent permitted by law.

Written by John Gilmore and Jay Fenlason.
configure:2937: $? = 0
configure:2977: tardir=conftest.dir && eval tar --format=posix -chf - "$tardir" >conftest.tar
configure:2980: $? = 0
configure:2984: tar -xf - <conftest.tar
configure:2987: $? = 0
configure:3000: result: gnutar
configure:3018: checking whether make supports nested variables
configure:3035: result: yes
configure:3106: checking for g++
configure:3122: found /usr/bin/g++
configure:3133: result: g++
configure:3160: checking for C++ compiler version
configure:3169: g++ --version >&5
g++ (Raspbian 4.9.2-10) 4.9.2
Copyright (C) 2014 Free Software Foundation, Inc.
This is free software; see the source for copying conditions.  There is NO
warranty; not even for MERCHANTABILITY or FITNESS FOR A PARTICULAR PURPOSE.

configure:3180: $? = 0
configure:3169: g++ -v >&5
Using built-in specs.
COLLECT_GCC=g++
COLLECT_LTO_WRAPPER=/usr/lib/gcc/arm-linux-gnueabihf/4.9/lto-wrapper
Target: arm-linux-gnueabihf
Configured with: ../src/configure -v --with-pkgversion='Raspbian 4.9.2-10' --with-bugurl=file:///usr/share/doc/gcc-4.9/README.Bugs --enable-languages=c,c++,java,go,d,fortran,objc,obj-c++ --prefix=/usr --program-suffix=-4.9 --enable-shared --enable-linker-build-id --libexecdir=/usr/lib --without-included-gettext --enable-threads=posix --with-gxx-include-dir=/usr/include/c++/4.9 --libdir=/usr/lib --enable-nls --with-sysroot=/ --enable-clocale=gnu --enable-libstdcxx-debug --enable-libstdcxx-time=yes --enable-gnu-unique-object --disable-libitm --disable-libquadmath --enable-plugin --with-system-zlib --disable-browser-plugin --enable-java-awt=gtk --enable-gtk-cairo --with-java-home=/usr/lib/jvm/java-1.5.0-gcj-4.9-armhf/jre --enable-java-home --with-jvm-root-dir=/usr/lib/jvm/java-1.5.0-gcj-4.9-armhf --with-jvm-jar-dir=/usr/lib/jvm-exports/java-1.5.0-gcj-4.9-armhf --with-arch-directory=arm --with-ecj-jar=/usr/share/java/eclipse-ecj.jar --enable-objc-gc --enable-multiarch --disable-sjlj-exceptions --with-arch=armv6 --with-fpu=vfp --with-float=hard --enable-checking=release --build=arm-linux-gnueabihf --host=arm-linux-gnueabihf --target=arm-linux-gnueabihf
Thread model: posix
gcc version 4.9.2 (Raspbian 4.9.2-10) 
configure:3180: $? = 0
configure:3169: g++ -V >&5
g++: error: unrecognized command line option '-V'
g++: fatal error: no input files
compilation terminated.
configure:3180: $? = 4
configure:3169: g++ -qversion >&5
g++: error: unrecognized command line option '-qversion'
g++: fatal error: no input files
compilation terminated.
configure:3180: $? = 4
configure:3200: checking whether the C++ compiler works
configure:3222: g++    conftest.cpp  >&5
configure:3226: $? = 0
configure:3274: result: yes
configure:3277: checking for C++ compiler default output file name
configure:3279: result: a.out
configure:3285: checking for suffix of executables
configure:3292: g++ -o conftest    conftest.cpp  >&5
configure:3296: $? = 0
configure:3318: result: 
configure:3340: checking whether we are cross compiling
configure:3348: g++ -o conftest    conftest.cpp  >&5
configure:3352: $? = 0
configure:3359: ./conftest
configure:3363: $? = 0
configure:3378: result: no
configure:3383: checking for suffix of object files
configure:3405: g++ -c   conftest.cpp >&5
configure:3409: $? = 0
configure:3430: result: o
configure:3434: checking whether we are using the GNU C++ compiler
configure:3453: g++ -c   conftest.cpp >&5
configure:3453: $? = 0
configure:3462: result: yes
configure:3471: checking whether g++ accepts -g
configure:3491: g++ -c -g  conftest.cpp >&5
configure:3491: $? = 0
configure:3532: result: yes
configure:3566: checking for style of include used by make
configure:3594: result: GNU
configure:3620: checking dependency style of g++
configure:3731: result: gcc3
configure:3794: checking for gcc
configure:3810: found /usr/bin/gcc
configure:3821: result: gcc
configure:4050: checking for C compiler version
configure:4059: gcc --version >&5
gcc (Raspbian 4.9.2-10) 4.9.2
Copyright (C) 2014 Free Software Foundation, Inc.
This is free software; see the source for copying conditions.  There is NO
warranty; not even for MERCHANTABILITY or FITNESS FOR A PARTICULAR PURPOSE.

configure:4070: $? = 0
configure:4059: gcc -v >&5
Using built-in specs.
COLLECT_GCC=gcc
COLLECT_LTO_WRAPPER=/usr/lib/gcc/arm-linux-gnueabihf/4.9/lto-wrapper
Target: arm-linux-gnueabihf
Configured with: ../src/configure -v --with-pkgversion='Raspbian 4.9.2-10' --with-bugurl=file:///usr/share/doc/gcc-4.9/README.Bugs --enable-languages=c,c++,java,go,d,fortran,objc,obj-c++ --prefix=/usr --program-suffix=-4.9 --enable-shared --enable-linker-build-id --libexecdir=/usr/lib --without-included-gettext --enable-threads=posix --with-gxx-include-dir=/usr/include/c++/4.9 --libdir=/usr/lib --enable-nls --with-sysroot=/ --enable-clocale=gnu --enable-libstdcxx-debug --enable-libstdcxx-time=yes --enable-gnu-unique-object --disable-libitm --disable-libquadmath --enable-plugin --with-system-zlib --disable-browser-plugin --enable-java-awt=gtk --enable-gtk-cairo --with-java-home=/usr/lib/jvm/java-1.5.0-gcj-4.9-armhf/jre --enable-java-home --with-jvm-root-dir=/usr/lib/jvm/java-1.5.0-gcj-4.9-armhf --with-jvm-jar-dir=/usr/lib/jvm-exports/java-1.5.0-gcj-4.9-armhf --with-arch-directory=arm --with-ecj-jar=/usr/share/java/eclipse-ecj.jar --enable-objc-gc --enable-multiarch --disable-sjlj-exceptions --with-arch=armv6 --with-fpu=vfp --with-float=hard --enable-checking=release --build=arm-linux-gnueabihf --host=arm-linux-gnueabihf --target=arm-linux-gnueabihf
Thread model: posix
gcc version 4.9.2 (Raspbian 4.9.2-10) 
configure:4070: $? = 0
configure:4059: gcc -V >&5
gcc: error: unrecognized command line option '-V'
gcc: fatal error: no input files
compilation terminated.
configure:4070: $? = 4
configure:4059: gcc -qversion >&5
gcc: error: unrecognized command line option '-qversion'
gcc: fatal error: no input files
compilation terminated.
configure:4070: $? = 4
configure:4074: checking whether we are using the GNU C compiler
configure:4093: gcc -c   conftest.c >&5
configure:4093: $? = 0
configure:4102: result: yes
configure:4111: checking whether gcc accepts -g
configure:4131: gcc -c -g  conftest.c >&5
configure:4131: $? = 0
configure:4172: result: yes
configure:4189: checking for gcc option to accept ISO C89
configure:4253: gcc  -c -g -O2  conftest.c >&5
configure:4253: $? = 0
configure:4266: result: none needed
configure:4288: checking dependency style of gcc
configure:4399: result: gcc3
configure:4420: checking how to run the C preprocessor
configure:4451: gcc -E  conftest.c
configure:4451: $? = 0
configure:4465: gcc -E  conftest.c
conftest.c:9:28: fatal error: ac_nonexistent.h: No such file or directory
 #include <ac_nonexistent.h>
                            ^
compilation terminated.
configure:4465: $? = 1
configure: failed program was:
| /* confdefs.h */
| #define PACKAGE_NAME "libclamavc++"
| #define PACKAGE_TARNAME "libclamavc--"
| #define PACKAGE_VERSION "devel"
| #define PACKAGE_STRING "libclamavc++ devel"
| #define PACKAGE_BUGREPORT "http://bugs.clamav.net"
| #define PACKAGE_URL ""
| /* end confdefs.h.  */
| #include <ac_nonexistent.h>
configure:4490: result: gcc -E
configure:4510: gcc -E  conftest.c
configure:4510: $? = 0
configure:4524: gcc -E  conftest.c
conftest.c:9:28: fatal error: ac_nonexistent.h: No such file or directory
 #include <ac_nonexistent.h>
                            ^
compilation terminated.
configure:4524: $? = 1
configure: failed program was:
| /* confdefs.h */
| #define PACKAGE_NAME "libclamavc++"
| #define PACKAGE_TARNAME "libclamavc--"
| #define PACKAGE_VERSION "devel"
| #define PACKAGE_STRING "libclamavc++ devel"
| #define PACKAGE_BUGREPORT "http://bugs.clamav.net"
| #define PACKAGE_URL ""
| /* end confdefs.h.  */
| #include <ac_nonexistent.h>
configure:4553: checking for grep that handles long lines and -e
configure:4611: result: /bin/grep
configure:4616: checking for egrep
configure:4678: result: /bin/grep -E
configure:4683: checking for ANSI C header files
configure:4703: gcc -c -g -O2  conftest.c >&5
configure:4703: $? = 0
configure:4776: gcc -o conftest -g -O2   conftest.c  >&5
configure:4776: $? = 0
configure:4776: ./conftest
configure:4776: $? = 0
configure:4787: result: yes
configure:4800: checking for sys/types.h
configure:4800: gcc -c -g -O2  conftest.c >&5
configure:4800: $? = 0
configure:4800: result: yes
configure:4800: checking for sys/stat.h
configure:4800: gcc -c -g -O2  conftest.c >&5
configure:4800: $? = 0
configure:4800: result: yes
configure:4800: checking for stdlib.h
configure:4800: gcc -c -g -O2  conftest.c >&5
configure:4800: $? = 0
configure:4800: result: yes
configure:4800: checking for string.h
configure:4800: gcc -c -g -O2  conftest.c >&5
configure:4800: $? = 0
configure:4800: result: yes
configure:4800: checking for memory.h
configure:4800: gcc -c -g -O2  conftest.c >&5
configure:4800: $? = 0
configure:4800: result: yes
configure:4800: checking for strings.h
configure:4800: gcc -c -g -O2  conftest.c >&5
configure:4800: $? = 0
configure:4800: result: yes
configure:4800: checking for inttypes.h
configure:4800: gcc -c -g -O2  conftest.c >&5
configure:4800: $? = 0
configure:4800: result: yes
configure:4800: checking for stdint.h
configure:4800: gcc -c -g -O2  conftest.c >&5
configure:4800: $? = 0
configure:4800: result: yes
configure:4800: checking for unistd.h
configure:4800: gcc -c -g -O2  conftest.c >&5
configure:4800: $? = 0
configure:4800: result: yes
configure:4812: checking whether byte ordering is bigendian
configure:4827: gcc -c -g -O2  conftest.c >&5
conftest.c:20:9: error: unknown type name 'not'
         not a universal capable compiler
         ^
conftest.c:20:15: error: expected '=', ',', ';', 'asm' or '__attribute__' before 'universal'
         not a universal capable compiler
               ^
conftest.c:20:15: error: unknown type name 'universal'
configure:4827: $? = 1
configure: failed program was:
| /* confdefs.h */
| #define PACKAGE_NAME "libclamavc++"
| #define PACKAGE_TARNAME "libclamavc--"
| #define PACKAGE_VERSION "devel"
| #define PACKAGE_STRING "libclamavc++ devel"
| #define PACKAGE_BUGREPORT "http://bugs.clamav.net"
| #define PACKAGE_URL ""
| #define STDC_HEADERS 1
| #define HAVE_SYS_TYPES_H 1
| #define HAVE_SYS_STAT_H 1
| #define HAVE_STDLIB_H 1
| #define HAVE_STRING_H 1
| #define HAVE_MEMORY_H 1
| #define HAVE_STRINGS_H 1
| #define HAVE_INTTYPES_H 1
| #define HAVE_STDINT_H 1
| #define HAVE_UNISTD_H 1
| /* end confdefs.h.  */
| #ifndef __APPLE_CC__
| 	       not a universal capable compiler
| 	     #endif
| 	     typedef int dummy;
| 
configure:4872: gcc -c -g -O2  conftest.c >&5
configure:4872: $? = 0
configure:4890: gcc -c -g -O2  conftest.c >&5
conftest.c: In function 'main':
conftest.c:26:4: error: unknown type name 'not'
    not big endian
    ^
conftest.c:26:12: error: expected '=', ',', ';', 'asm' or '__attribute__' before 'endian'
    not big endian
            ^
configure:4890: $? = 1
configure: failed program was:
| /* confdefs.h */
| #define PACKAGE_NAME "libclamavc++"
| #define PACKAGE_TARNAME "libclamavc--"
| #define PACKAGE_VERSION "devel"
| #define PACKAGE_STRING "libclamavc++ devel"
| #define PACKAGE_BUGREPORT "http://bugs.clamav.net"
| #define PACKAGE_URL ""
| #define STDC_HEADERS 1
| #define HAVE_SYS_TYPES_H 1
| #define HAVE_SYS_STAT_H 1
| #define HAVE_STDLIB_H 1
| #define HAVE_STRING_H 1
| #define HAVE_MEMORY_H 1
| #define HAVE_STRINGS_H 1
| #define HAVE_INTTYPES_H 1
| #define HAVE_STDINT_H 1
| #define HAVE_UNISTD_H 1
| /* end confdefs.h.  */
| #include <sys/types.h>
| 		#include <sys/param.h>
| 
| int
| main ()
| {
| #if BYTE_ORDER != BIG_ENDIAN
| 		 not big endian
| 		#endif
| 
|   ;
|   return 0;
| }
configure:5018: result: no
configure:5050: checking whether to enable maintainer-specific portions of Makefiles
configure:5059: result: no
configure:5118: checking how to print strings
configure:5145: result: printf
configure:5166: checking for a sed that does not truncate output
configure:5230: result: /bin/sed
configure:5248: checking for fgrep
configure:5310: result: /bin/grep -F
configure:5345: checking for ld used by gcc
configure:5412: result: /usr/bin/ld
configure:5419: checking if the linker (/usr/bin/ld) is GNU ld
configure:5434: result: yes
configure:5446: checking for BSD- or MS-compatible name lister (nm)
configure:5495: result: /usr/bin/nm -B
configure:5625: checking the name lister (/usr/bin/nm -B) interface
configure:5632: gcc -c -g -O2  conftest.c >&5
configure:5635: /usr/bin/nm -B "conftest.o"
configure:5638: output
00000000 B some_variable
configure:5645: result: BSD nm
configure:5648: checking whether ln -s works
configure:5652: result: yes
configure:5660: checking the maximum length of command line arguments
configure:5790: result: 1572864
configure:5807: checking whether the shell understands some XSI constructs
configure:5817: result: yes
configure:5821: checking whether the shell understands "+="
configure:5827: result: yes
configure:5862: checking how to convert armv7l-unknown-linux-gnueabihf file names to armv7l-unknown-linux-gnueabihf format
configure:5902: result: func_convert_file_noop
configure:5909: checking how to convert armv7l-unknown-linux-gnueabihf file names to toolchain format
configure:5929: result: func_convert_file_noop
configure:5936: checking for /usr/bin/ld option to reload object files
configure:5943: result: -r
configure:6017: checking for objdump
configure:6033: found /usr/bin/objdump
configure:6044: result: objdump
configure:6076: checking how to recognize dependent libraries
configure:6278: result: pass_all
configure:6363: checking for dlltool
configure:6393: result: no
configure:6423: checking how to associate runtime and link libraries
configure:6450: result: printf %s\n
configure:6510: checking for ar
configure:6526: found /usr/bin/ar
configure:6537: result: ar
configure:6574: checking for archiver @FILE support
configure:6591: gcc -c -g -O2  conftest.c >&5
configure:6591: $? = 0
configure:6594: ar cru libconftest.a @conftest.lst >&5
configure:6597: $? = 0
configure:6602: ar cru libconftest.a @conftest.lst >&5
ar: conftest.o: No such file or directory
configure:6605: $? = 1
configure:6617: result: @
configure:6675: checking for strip
configure:6691: found /usr/bin/strip
configure:6702: result: strip
configure:6774: checking for ranlib
configure:6790: found /usr/bin/ranlib
configure:6801: result: ranlib
configure:6903: checking command to parse /usr/bin/nm -B output from gcc object
configure:7023: gcc -c -g -O2  conftest.c >&5
configure:7026: $? = 0
configure:7030: /usr/bin/nm -B conftest.o \| sed -n -e 's/^.*[ ]\([ABCDGIRSTW][ABCDGIRSTW]*\)[ ][ ]*\([_A-Za-z][_A-Za-z0-9]*\)$/\1 \2 \2/p' | sed '/ __gnu_lto/d' \> conftest.nm
configure:7033: $? = 0
configure:7099: gcc -o conftest -g -O2   conftest.c conftstm.o >&5
configure:7102: $? = 0
configure:7140: result: ok
configure:7177: checking for sysroot
configure:7207: result: no
configure:7463: checking for mt
configure:7479: found /bin/mt
configure:7490: result: mt
configure:7513: checking if mt is a manifest tool
configure:7519: mt '-?'
configure:7527: result: no
configure:8166: checking for dlfcn.h
configure:8166: gcc -c -g -O2  conftest.c >&5
configure:8166: $? = 0
configure:8166: result: yes
configure:8382: checking for objdir
configure:8397: result: .libs
configure:8668: checking if gcc supports -fno-rtti -fno-exceptions
configure:8686: gcc -c -g -O2  -fno-rtti -fno-exceptions conftest.c >&5
cc1: warning: command line option '-fno-rtti' is valid for C++/ObjC++ but not for C
configure:8690: $? = 0
configure:8703: result: no
configure:9030: checking for gcc option to produce PIC
configure:9037: result: -fPIC -DPIC
configure:9045: checking if gcc PIC flag -fPIC -DPIC works
configure:9063: gcc -c -g -O2  -fPIC -DPIC -DPIC conftest.c >&5
configure:9067: $? = 0
configure:9080: result: yes
configure:9109: checking if gcc static flag -static works
configure:9137: result: yes
configure:9152: checking if gcc supports -c -o file.o
configure:9173: gcc -c -g -O2  -o out/conftest2.o conftest.c >&5
configure:9177: $? = 0
configure:9199: result: yes
configure:9207: checking if gcc supports -c -o file.o
configure:9254: result: yes
configure:9287: checking whether the gcc linker (/usr/bin/ld) supports shared libraries
configure:10440: result: yes
configure:10477: checking whether -lc should be explicitly linked in
configure:10485: gcc -c -g -O2  conftest.c >&5
configure:10488: $? = 0
configure:10503: gcc -shared  -fPIC -DPIC conftest.o  -v -Wl,-soname -Wl,conftest -o conftest 2\>\&1 \| /bin/grep  -lc  \>/dev/null 2\>\&1
configure:10506: $? = 0
configure:10520: result: no
configure:10680: checking dynamic linker characteristics
configure:11191: gcc -o conftest -g -O2   -Wl,-rpath -Wl,/foo conftest.c  >&5
configure:11191: $? = 0
configure:11413: result: GNU/Linux ld.so
configure:11520: checking how to hardcode library paths into programs
configure:11545: result: immediate
configure:12085: checking whether stripping libraries is possible
configure:12090: result: yes
configure:12125: checking if libtool supports shared libraries
configure:12127: result: yes
configure:12130: checking whether to build shared libraries
configure:12151: result: yes
configure:12154: checking whether to build static libraries
configure:12158: result: no
configure:12181: checking how to run the C++ preprocessor
configure:12208: g++ -E  conftest.cpp
configure:12208: $? = 0
configure:12222: g++ -E  conftest.cpp
conftest.cpp:21:28: fatal error: ac_nonexistent.h: No such file or directory
 #include <ac_nonexistent.h>
                            ^
compilation terminated.
configure:12222: $? = 1
configure: failed program was:
| /* confdefs.h */
| #define PACKAGE_NAME "libclamavc++"
| #define PACKAGE_TARNAME "libclamavc--"
| #define PACKAGE_VERSION "devel"
| #define PACKAGE_STRING "libclamavc++ devel"
| #define PACKAGE_BUGREPORT "http://bugs.clamav.net"
| #define PACKAGE_URL ""
| #define STDC_HEADERS 1
| #define HAVE_SYS_TYPES_H 1
| #define HAVE_SYS_STAT_H 1
| #define HAVE_STDLIB_H 1
| #define HAVE_STRING_H 1
| #define HAVE_MEMORY_H 1
| #define HAVE_STRINGS_H 1
| #define HAVE_INTTYPES_H 1
| #define HAVE_STDINT_H 1
| #define HAVE_UNISTD_H 1
| #define HAVE_DLFCN_H 1
| #define LT_OBJDIR ".libs/"
| /* end confdefs.h.  */
| #include <ac_nonexistent.h>
configure:12247: result: g++ -E
configure:12267: g++ -E  conftest.cpp
configure:12267: $? = 0
configure:12281: g++ -E  conftest.cpp
conftest.cpp:21:28: fatal error: ac_nonexistent.h: No such file or directory
 #include <ac_nonexistent.h>
                            ^
compilation terminated.
configure:12281: $? = 1
configure: failed program was:
| /* confdefs.h */
| #define PACKAGE_NAME "libclamavc++"
| #define PACKAGE_TARNAME "libclamavc--"
| #define PACKAGE_VERSION "devel"
| #define PACKAGE_STRING "libclamavc++ devel"
| #define PACKAGE_BUGREPORT "http://bugs.clamav.net"
| #define PACKAGE_URL ""
| #define STDC_HEADERS 1
| #define HAVE_SYS_TYPES_H 1
| #define HAVE_SYS_STAT_H 1
| #define HAVE_STDLIB_H 1
| #define HAVE_STRING_H 1
| #define HAVE_MEMORY_H 1
| #define HAVE_STRINGS_H 1
| #define HAVE_INTTYPES_H 1
| #define HAVE_STDINT_H 1
| #define HAVE_UNISTD_H 1
| #define HAVE_DLFCN_H 1
| #define LT_OBJDIR ".libs/"
| /* end confdefs.h.  */
| #include <ac_nonexistent.h>
configure:12450: checking for ld used by g++
configure:12517: result: /usr/bin/ld
configure:12524: checking if the linker (/usr/bin/ld) is GNU ld
configure:12539: result: yes
configure:12594: checking whether the g++ linker (/usr/bin/ld) supports shared libraries
configure:13599: result: yes
configure:13635: g++ -c -O2  conftest.cpp >&5
configure:13638: $? = 0
configure:14158: checking for g++ option to produce PIC
configure:14165: result: -fPIC -DPIC
configure:14173: checking if g++ PIC flag -fPIC -DPIC works
configure:14191: g++ -c -O2  -fPIC -DPIC -DPIC conftest.cpp >&5
configure:14195: $? = 0
configure:14208: result: yes
configure:14231: checking if g++ static flag -static works
configure:14259: result: yes
configure:14271: checking if g++ supports -c -o file.o
configure:14292: g++ -c -O2  -o out/conftest2.o conftest.cpp >&5
configure:14296: $? = 0
configure:14318: result: yes
configure:14323: checking if g++ supports -c -o file.o
configure:14370: result: yes
configure:14400: checking whether the g++ linker (/usr/bin/ld) supports shared libraries
configure:14436: result: yes
configure:14577: checking dynamic linker characteristics
configure:15244: result: GNU/Linux ld.so
configure:15297: checking how to hardcode library paths into programs
configure:15322: result: immediate
configure:15387: checking for GNU make
configure:15402: result: make
configure:15472: checking for supported LLVM version
configure:15494: result: ok (2.8)
configure:15591: checking for supported C++ compiler version
configure:15603: result: ok (4.9.2)
configure:15607: checking for supported OS
configure:15622: error: CPU support is untested, not building LLVM

## ---------------- ##
## Cache variables. ##
## ---------------- ##

ac_cv_build=armv7l-unknown-linux-gnueabihf
ac_cv_c_bigendian=no
ac_cv_c_compiler_gnu=yes
ac_cv_cxx_compiler_gnu=yes
ac_cv_env_CCC_set=
ac_cv_env_CCC_value=
ac_cv_env_CC_set=
ac_cv_env_CC_value=
ac_cv_env_CFLAGS_set=
ac_cv_env_CFLAGS_value=
ac_cv_env_CPPFLAGS_set=
ac_cv_env_CPPFLAGS_value=
ac_cv_env_CPP_set=
ac_cv_env_CPP_value=
ac_cv_env_CXXCPP_set=
ac_cv_env_CXXCPP_value=
ac_cv_env_CXXFLAGS_set=
ac_cv_env_CXXFLAGS_value=
ac_cv_env_CXX_set=
ac_cv_env_CXX_value=
ac_cv_env_LDFLAGS_set=
ac_cv_env_LDFLAGS_value=
ac_cv_env_LIBS_set=
ac_cv_env_LIBS_value=
ac_cv_env_build_alias_set=
ac_cv_env_build_alias_value=
ac_cv_env_host_alias_set=
ac_cv_env_host_alias_value=
ac_cv_env_target_alias_set=
ac_cv_env_target_alias_value=
ac_cv_header_dlfcn_h=yes
ac_cv_header_inttypes_h=yes
ac_cv_header_memory_h=yes
ac_cv_header_stdc=yes
ac_cv_header_stdint_h=yes
ac_cv_header_stdlib_h=yes
ac_cv_header_string_h=yes
ac_cv_header_strings_h=yes
ac_cv_header_sys_stat_h=yes
ac_cv_header_sys_types_h=yes
ac_cv_header_unistd_h=yes
ac_cv_host=armv7l-unknown-linux-gnueabihf
ac_cv_objext=o
ac_cv_path_EGREP='/bin/grep -E'
ac_cv_path_FGREP='/bin/grep -F'
ac_cv_path_GREP=/bin/grep
ac_cv_path_SED=/bin/sed
ac_cv_path_install='/usr/bin/install -c'
ac_cv_path_mkdir=/bin/mkdir
ac_cv_prog_AWK=mawk
ac_cv_prog_CPP='gcc -E'
ac_cv_prog_CXXCPP='g++ -E'
ac_cv_prog_ac_ct_AR=ar
ac_cv_prog_ac_ct_CC=gcc
ac_cv_prog_ac_ct_CXX=g++
ac_cv_prog_ac_ct_MANIFEST_TOOL=mt
ac_cv_prog_ac_ct_OBJDUMP=objdump
ac_cv_prog_ac_ct_RANLIB=ranlib
ac_cv_prog_ac_ct_STRIP=strip
ac_cv_prog_cc_c89=
ac_cv_prog_cc_g=yes
ac_cv_prog_cxx_g=yes
ac_cv_prog_make_make_set=yes
ac_cv_target=armv7l-unknown-linux-gnueabihf
am_cv_CC_dependencies_compiler_type=gcc3
am_cv_CXX_dependencies_compiler_type=gcc3
am_cv_make_support_nested_variables=yes
am_cv_prog_tar_pax=gnutar
llvm_cv_gnu_make_command=make
lt_cv_ar_at_file=@
lt_cv_archive_cmds_need_lc=no
lt_cv_deplibs_check_method=pass_all
lt_cv_file_magic_cmd='$MAGIC_CMD'
lt_cv_file_magic_test_file=
lt_cv_ld_reload_flag=-r
lt_cv_nm_interface='BSD nm'
lt_cv_objdir=.libs
lt_cv_path_LD=/usr/bin/ld
lt_cv_path_LDCXX=/usr/bin/ld
lt_cv_path_NM='/usr/bin/nm -B'
lt_cv_path_mainfest_tool=no
lt_cv_prog_compiler_c_o=yes
lt_cv_prog_compiler_c_o_CXX=yes
lt_cv_prog_compiler_pic='-fPIC -DPIC'
lt_cv_prog_compiler_pic_CXX='-fPIC -DPIC'
lt_cv_prog_compiler_pic_works=yes
lt_cv_prog_compiler_pic_works_CXX=yes
lt_cv_prog_compiler_rtti_exceptions=no
lt_cv_prog_compiler_static_works=yes
lt_cv_prog_compiler_static_works_CXX=yes
lt_cv_prog_gnu_ld=yes
lt_cv_prog_gnu_ldcxx=yes
lt_cv_sharedlib_from_linklib_cmd='printf %s\n'
lt_cv_shlibpath_overrides_runpath=no
lt_cv_sys_global_symbol_pipe='sed -n -e '\''s/^.*[	 ]\([ABCDGIRSTW][ABCDGIRSTW]*\)[	 ][	 ]*\([_A-Za-z][_A-Za-z0-9]*\)$/\1 \2 \2/p'\'' | sed '\''/ __gnu_lto/d'\'''
lt_cv_sys_global_symbol_to_c_name_address='sed -n -e '\''s/^: \([^ ]*\)[ ]*$/  {\"\1\", (void *) 0},/p'\'' -e '\''s/^[ABCDGIRSTW]* \([^ ]*\) \([^ ]*\)$/  {"\2", (void *) \&\2},/p'\'''
lt_cv_sys_global_symbol_to_c_name_address_lib_prefix='sed -n -e '\''s/^: \([^ ]*\)[ ]*$/  {\"\1\", (void *) 0},/p'\'' -e '\''s/^[ABCDGIRSTW]* \([^ ]*\) \(lib[^ ]*\)$/  {"\2", (void *) \&\2},/p'\'' -e '\''s/^[ABCDGIRSTW]* \([^ ]*\) \([^ ]*\)$/  {"lib\2", (void *) \&\2},/p'\'''
lt_cv_sys_global_symbol_to_cdecl='sed -n -e '\''s/^T .* \(.*\)$/extern int \1();/p'\'' -e '\''s/^[ABCDGIRSTW]* .* \(.*\)$/extern char \1;/p'\'''
lt_cv_sys_max_cmd_len=1572864
lt_cv_to_host_file_cmd=func_convert_file_noop
lt_cv_to_tool_file_cmd=func_convert_file_noop

## ----------------- ##
## Output variables. ##
## ----------------- ##

ACLOCAL='${SHELL} /home/pi/Desktop/clamav-0.98.7/libclamav/c++/config/missing --run aclocal-1.11'
AMDEPBACKSLASH='\'
AMDEP_FALSE='#'
AMDEP_TRUE=''
AMTAR='$${TAR-tar}'
AM_BACKSLASH='\'
AM_DEFAULT_V='$(AM_DEFAULT_VERBOSITY)'
AM_DEFAULT_VERBOSITY='0'
AM_V='$(V)'
AR='ar'
AUTOCONF='${SHELL} /home/pi/Desktop/clamav-0.98.7/libclamav/c++/config/missing --run autoconf'
AUTOHEADER='${SHELL} /home/pi/Desktop/clamav-0.98.7/libclamav/c++/config/missing --run autoheader'
AUTOMAKE='${SHELL} /home/pi/Desktop/clamav-0.98.7/libclamav/c++/config/missing --run automake-1.11'
AWK='mawk'
BUILD_EXTERNAL_LLVM_FALSE=''
BUILD_EXTERNAL_LLVM_TRUE=''
BUILD_PPC_FALSE=''
BUILD_PPC_TRUE=''
BUILD_X86_FALSE=''
BUILD_X86_TRUE=''
CC='gcc'
CCDEPMODE='depmode=gcc3'
CFLAGS='-g -O2'
CPP='gcc -E'
CPPFLAGS=''
CXX='g++'
CXXCPP='g++ -E'
CXXDEPMODE='depmode=gcc3'
CXXFLAGS='-O2'
CYGPATH_W='echo'
DEBUG_BUILD_FALSE=''
DEBUG_BUILD_TRUE='#'
DEFS=''
DEPDIR='.deps'
DLLTOOL='false'
DSYMUTIL=''
DUMPBIN=''
ECHO_C=''
ECHO_N='-n'
ECHO_T=''
EGREP='/bin/grep -E'
EXEEXT=''
FGREP='/bin/grep -F'
GMAKE='make'
GREP='/bin/grep'
INSTALL_DATA='${INSTALL} -m 644'
INSTALL_PROGRAM='${INSTALL}'
INSTALL_SCRIPT='${INSTALL}'
INSTALL_STRIP_PROGRAM='$(install_sh) -c -s'
LD='/usr/bin/ld'
LDFLAGS=''
LIBOBJS=''
LIBS=''
LIBTOOL='$(SHELL) $(top_builddir)/libtool'
LIPO=''
LLVMCONFIG_CXXFLAGS=''
LLVMCONFIG_LDFLAGS=''
LLVMCONFIG_LIBFILES=''
LLVMCONFIG_LIBS=''
LLVM_VERSION='28'
LN_S='ln -s'
LTLIBOBJS=''
MAINT='#'
MAINTAINER_MODE_FALSE=''
MAINTAINER_MODE_TRUE='#'
MAKEINFO='${SHELL} /home/pi/Desktop/clamav-0.98.7/libclamav/c++/config/missing --run makeinfo'
MANIFEST_TOOL=':'
MKDIR_P='/bin/mkdir -p'
NM='/usr/bin/nm -B'
NMEDIT=''
NO_MISSING_FIELD_INITIALIZERS=''
NO_VARIADIC_MACROS=''
OBJDUMP='objdump'
OBJEXT='o'
OTOOL64=''
OTOOL=''
PACKAGE='libclamavc--'
PACKAGE_BUGREPORT='http://bugs.clamav.net'
PACKAGE_NAME='libclamavc++'
PACKAGE_STRING='libclamavc++ devel'
PACKAGE_TARNAME='libclamavc--'
PACKAGE_URL=''
PACKAGE_VERSION='devel'
PATH_SEPARATOR=':'
RANLIB='ranlib'
SED='/bin/sed'
SET_MAKE=''
SHELL='/bin/bash'
STRIP='strip'
THREAD_LIBS=''
VERSION='devel'
ac_ct_AR='ar'
ac_ct_CC='gcc'
ac_ct_CXX='g++'
ac_ct_DUMPBIN=''
am__EXEEXT_FALSE=''
am__EXEEXT_TRUE=''
am__fastdepCC_FALSE='#'
am__fastdepCC_TRUE=''
am__fastdepCXX_FALSE='#'
am__fastdepCXX_TRUE=''
am__include='include'
am__isrc=''
am__leading_dot='.'
am__nodep='_no'
am__quote=''
am__tar='tar --format=posix -chf - "$$tardir"'
am__untar='tar -xf -'
bindir='${exec_prefix}/bin'
build='armv7l-unknown-linux-gnueabihf'
build_alias=''
build_cpu='armv7l'
build_os='linux-gnueabihf'
build_vendor='unknown'
datadir='${datarootdir}'
datarootdir='${prefix}/share'
docdir='${datarootdir}/doc/${PACKAGE_TARNAME}'
dvidir='${docdir}'
exec_prefix='NONE'
host='armv7l-unknown-linux-gnueabihf'
host_alias=''
host_cpu='armv7l'
host_os='linux-gnueabihf'
host_vendor='unknown'
htmldir='${docdir}'
ifGNUmake=''
includedir='${prefix}/include'
infodir='${datarootdir}/info'
install_sh='${SHELL} /home/pi/Desktop/clamav-0.98.7/libclamav/c++/config/install-sh'
libdir='${exec_prefix}/lib'
libexecdir='${exec_prefix}/libexec'
localedir='${datarootdir}/locale'
localstatedir='${prefix}/var'
mandir='${datarootdir}/man'
mkdir_p='/bin/mkdir -p'
oldincludedir='/usr/include'
pdfdir='${docdir}'
prefix='/usr/local'
program_transform_name='s,x,x,'
psdir='${docdir}'
sbindir='${exec_prefix}/sbin'
sharedstatedir='${prefix}/com'
subdirs=' llvm'
sysconfdir='${prefix}/etc'
target='armv7l-unknown-linux-gnueabihf'
target_alias=''
target_cpu='armv7l'
target_os='linux-gnueabihf'
target_vendor='unknown'

## ----------- ##
## confdefs.h. ##
## ----------- ##

/* confdefs.h */
#define PACKAGE_NAME "libclamavc++"
#define PACKAGE_TARNAME "libclamavc--"
#define PACKAGE_VERSION "devel"
#define PACKAGE_STRING "libclamavc++ devel"
#define PACKAGE_BUGREPORT "http://bugs.clamav.net"
#define PACKAGE_URL ""
#define STDC_HEADERS 1
#define HAVE_SYS_TYPES_H 1
#define HAVE_SYS_STAT_H 1
#define HAVE_STDLIB_H 1
#define HAVE_STRING_H 1
#define HAVE_MEMORY_H 1
#define HAVE_STRINGS_H 1
#define HAVE_INTTYPES_H 1
#define HAVE_STDINT_H 1
#define HAVE_UNISTD_H 1
#define HAVE_DLFCN_H 1
#define LT_OBJDIR ".libs/"

configure: exit 1
