This file contains any messages produced by compilers while
running configure, to aid debugging if configure makes a mistake.

It was created by ClamAV configure 0.98.7, which was
generated by GNU Autoconf 2.68.  Invocation command line was

  $ ./configure CC=/usr/bin/gcc CXX=/usr/bin/g++ CFLAGS=-g3 -gdwarf-2 CXXFLAGS=-g3 -gdwarf-2

## --------- ##
## Platform. ##
## --------- ##

hostname = raspberrypi
uname -m = armv7l
uname -r = 4.1.7-v7+
uname -s = Linux
uname -v = #817 SMP PREEMPT Sat Sep 19 15:32:00 BST 2015

/usr/bin/uname -p = unknown
/bin/uname -X     = unknown

/bin/arch              = unknown
/usr/bin/arch -k       = unknown
/usr/convex/getsysinfo = unknown
/usr/bin/hostinfo      = unknown
/bin/machine           = unknown
/usr/bin/oslevel       = unknown
/bin/universe          = unknown

PATH: /usr/bin
PATH: /usr/local/sbin
PATH: /usr/local/bin
PATH: /usr/sbin
PATH: /usr/bin
PATH: /sbin
PATH: /bin
PATH: /usr/local/games
PATH: /usr/games


## ----------- ##
## Core tests. ##
## ----------- ##

configure:2559: checking build system type
configure:2573: result: armv7l-unknown-linux-gnueabihf
configure:2593: checking host system type
configure:2606: result: armv7l-unknown-linux-gnueabihf
configure:2626: checking target system type
configure:2639: result: armv7l-unknown-linux-gnueabihf
configure:2723: result: creating target.h - canonical system defines
configure:2870: checking for a BSD-compatible install
configure:2938: result: /usr/bin/install -c
configure:2949: checking whether build environment is sane
configure:2999: result: yes
configure:3140: checking for a thread-safe mkdir -p
configure:3179: result: /bin/mkdir -p
configure:3192: checking for gawk
configure:3222: result: no
configure:3192: checking for mawk
configure:3208: found /usr/bin/mawk
configure:3219: result: mawk
configure:3230: checking whether make sets $(MAKE)
configure:3252: result: yes
configure:3318: checking how to create a ustar tar archive
configure:3331: tar --version
tar (GNU tar) 1.27.1
Copyright (C) 2013 Free Software Foundation, Inc.
License GPLv3+: GNU GPL version 3 or later <http://gnu.org/licenses/gpl.html>.
This is free software: you are free to change and redistribute it.
There is NO WARRANTY, to the extent permitted by law.

Written by John Gilmore and Jay Fenlason.
configure:3334: $? = 0
configure:3374: tardir=conftest.dir && eval tar --format=ustar -chf - "$tardir" >conftest.tar
configure:3377: $? = 0
configure:3381: tar -xf - <conftest.tar
configure:3384: $? = 0
configure:3397: result: gnutar
configure:3415: checking whether make supports nested variables
configure:3432: result: yes
configure:3459: checking for style of include used by make
configure:3487: result: GNU
configure:3558: checking for gcc
configure:3585: result: /usr/bin/gcc
configure:3814: checking for C compiler version
configure:3823: /usr/bin/gcc --version >&5
gcc (Raspbian 4.9.2-10) 4.9.2
Copyright (C) 2014 Free Software Foundation, Inc.
This is free software; see the source for copying conditions.  There is NO
warranty; not even for MERCHANTABILITY or FITNESS FOR A PARTICULAR PURPOSE.

configure:3834: $? = 0
configure:3823: /usr/bin/gcc -v >&5
Using built-in specs.
COLLECT_GCC=/usr/bin/gcc
COLLECT_LTO_WRAPPER=/usr/lib/gcc/arm-linux-gnueabihf/4.9/lto-wrapper
Target: arm-linux-gnueabihf
Configured with: ../src/configure -v --with-pkgversion='Raspbian 4.9.2-10' --with-bugurl=file:///usr/share/doc/gcc-4.9/README.Bugs --enable-languages=c,c++,java,go,d,fortran,objc,obj-c++ --prefix=/usr --program-suffix=-4.9 --enable-shared --enable-linker-build-id --libexecdir=/usr/lib --without-included-gettext --enable-threads=posix --with-gxx-include-dir=/usr/include/c++/4.9 --libdir=/usr/lib --enable-nls --with-sysroot=/ --enable-clocale=gnu --enable-libstdcxx-debug --enable-libstdcxx-time=yes --enable-gnu-unique-object --disable-libitm --disable-libquadmath --enable-plugin --with-system-zlib --disable-browser-plugin --enable-java-awt=gtk --enable-gtk-cairo --with-java-home=/usr/lib/jvm/java-1.5.0-gcj-4.9-armhf/jre --enable-java-home --with-jvm-root-dir=/usr/lib/jvm/java-1.5.0-gcj-4.9-armhf --with-jvm-jar-dir=/usr/lib/jvm-exports/java-1.5.0-gcj-4.9-armhf --with-arch-directory=arm --with-ecj-jar=/usr/share/java/eclipse-ecj.jar --enable-objc-gc --enable-multiarch --disable-sjlj-exceptions --with-arch=armv6 --with-fpu=vfp --with-float=hard --enable-checking=release --build=arm-linux-gnueabihf --host=arm-linux-gnueabihf --target=arm-linux-gnueabihf
Thread model: posix
gcc version 4.9.2 (Raspbian 4.9.2-10) 
configure:3834: $? = 0
configure:3823: /usr/bin/gcc -V >&5
gcc: error: unrecognized command line option '-V'
gcc: fatal error: no input files
compilation terminated.
configure:3834: $? = 4
configure:3823: /usr/bin/gcc -qversion >&5
gcc: error: unrecognized command line option '-qversion'
gcc: fatal error: no input files
compilation terminated.
configure:3834: $? = 4
configure:3854: checking whether the C compiler works
configure:3876: /usr/bin/gcc -g3 -gdwarf-2   conftest.c  >&5
configure:3880: $? = 0
configure:3928: result: yes
configure:3931: checking for C compiler default output file name
configure:3933: result: a.out
configure:3939: checking for suffix of executables
configure:3946: /usr/bin/gcc -o conftest -g3 -gdwarf-2   conftest.c  >&5
configure:3950: $? = 0
configure:3972: result: 
configure:3994: checking whether we are cross compiling
configure:4002: /usr/bin/gcc -o conftest -g3 -gdwarf-2   conftest.c  >&5
configure:4006: $? = 0
configure:4013: ./conftest
configure:4017: $? = 0
configure:4032: result: no
configure:4037: checking for suffix of object files
configure:4059: /usr/bin/gcc -c -g3 -gdwarf-2  conftest.c >&5
configure:4063: $? = 0
configure:4084: result: o
configure:4088: checking whether we are using the GNU C compiler
configure:4107: /usr/bin/gcc -c -g3 -gdwarf-2  conftest.c >&5
configure:4107: $? = 0
configure:4116: result: yes
configure:4125: checking whether /usr/bin/gcc accepts -g
configure:4145: /usr/bin/gcc -c -g  conftest.c >&5
configure:4145: $? = 0
configure:4186: result: yes
configure:4203: checking for /usr/bin/gcc option to accept ISO C89
configure:4267: /usr/bin/gcc  -c -g3 -gdwarf-2  conftest.c >&5
configure:4267: $? = 0
configure:4280: result: none needed
configure:4302: checking dependency style of /usr/bin/gcc
configure:4413: result: gcc3
configure:4434: checking how to run the C preprocessor
configure:4465: /usr/bin/gcc -E  conftest.c
configure:4465: $? = 0
configure:4479: /usr/bin/gcc -E  conftest.c
conftest.c:10:28: fatal error: ac_nonexistent.h: No such file or directory
 #include <ac_nonexistent.h>
                            ^
compilation terminated.
configure:4479: $? = 1
configure: failed program was:
| /* confdefs.h */
| #define PACKAGE_NAME "ClamAV"
| #define PACKAGE_TARNAME "clamav"
| #define PACKAGE_VERSION "0.98.7"
| #define PACKAGE_STRING "ClamAV 0.98.7"
| #define PACKAGE_BUGREPORT "http://bugs.clamav.net/"
| #define PACKAGE_URL "http://www.clamav.net/"
| #define PACKAGE PACKAGE_NAME
| /* end confdefs.h.  */
| #include <ac_nonexistent.h>
configure:4504: result: /usr/bin/gcc -E
configure:4524: /usr/bin/gcc -E  conftest.c
configure:4524: $? = 0
configure:4538: /usr/bin/gcc -E  conftest.c
conftest.c:10:28: fatal error: ac_nonexistent.h: No such file or directory
 #include <ac_nonexistent.h>
                            ^
compilation terminated.
configure:4538: $? = 1
configure: failed program was:
| /* confdefs.h */
| #define PACKAGE_NAME "ClamAV"
| #define PACKAGE_TARNAME "clamav"
| #define PACKAGE_VERSION "0.98.7"
| #define PACKAGE_STRING "ClamAV 0.98.7"
| #define PACKAGE_BUGREPORT "http://bugs.clamav.net/"
| #define PACKAGE_URL "http://www.clamav.net/"
| #define PACKAGE PACKAGE_NAME
| /* end confdefs.h.  */
| #include <ac_nonexistent.h>
configure:4567: checking for grep that handles long lines and -e
configure:4625: result: /bin/grep
configure:4630: checking for egrep
configure:4692: result: /bin/grep -E
configure:4697: checking for ANSI C header files
configure:4717: /usr/bin/gcc -c -g3 -gdwarf-2  conftest.c >&5
configure:4717: $? = 0
configure:4790: /usr/bin/gcc -o conftest -g3 -gdwarf-2   conftest.c  >&5
configure:4790: $? = 0
configure:4790: ./conftest
configure:4790: $? = 0
configure:4801: result: yes
configure:4814: checking for sys/types.h
configure:4814: /usr/bin/gcc -c -g3 -gdwarf-2  conftest.c >&5
configure:4814: $? = 0
configure:4814: result: yes
configure:4814: checking for sys/stat.h
configure:4814: /usr/bin/gcc -c -g3 -gdwarf-2  conftest.c >&5
configure:4814: $? = 0
configure:4814: result: yes
configure:4814: checking for stdlib.h
configure:4814: /usr/bin/gcc -c -g3 -gdwarf-2  conftest.c >&5
configure:4814: $? = 0
configure:4814: result: yes
configure:4814: checking for string.h
configure:4814: /usr/bin/gcc -c -g3 -gdwarf-2  conftest.c >&5
configure:4814: $? = 0
configure:4814: result: yes
configure:4814: checking for memory.h
configure:4814: /usr/bin/gcc -c -g3 -gdwarf-2  conftest.c >&5
configure:4814: $? = 0
configure:4814: result: yes
configure:4814: checking for strings.h
configure:4814: /usr/bin/gcc -c -g3 -gdwarf-2  conftest.c >&5
configure:4814: $? = 0
configure:4814: result: yes
configure:4814: checking for inttypes.h
configure:4814: /usr/bin/gcc -c -g3 -gdwarf-2  conftest.c >&5
configure:4814: $? = 0
configure:4814: result: yes
configure:4814: checking for stdint.h
configure:4814: /usr/bin/gcc -c -g3 -gdwarf-2  conftest.c >&5
configure:4814: $? = 0
configure:4814: result: yes
configure:4814: checking for unistd.h
configure:4814: /usr/bin/gcc -c -g3 -gdwarf-2  conftest.c >&5
configure:4814: $? = 0
configure:4814: result: yes
configure:4827: checking minix/config.h usability
configure:4827: /usr/bin/gcc -c -g3 -gdwarf-2  conftest.c >&5
conftest.c:53:26: fatal error: minix/config.h: No such file or directory
 #include <minix/config.h>
                          ^
compilation terminated.
configure:4827: $? = 1
configure: failed program was:
| /* confdefs.h */
| #define PACKAGE_NAME "ClamAV"
| #define PACKAGE_TARNAME "clamav"
| #define PACKAGE_VERSION "0.98.7"
| #define PACKAGE_STRING "ClamAV 0.98.7"
| #define PACKAGE_BUGREPORT "http://bugs.clamav.net/"
| #define PACKAGE_URL "http://www.clamav.net/"
| #define PACKAGE PACKAGE_NAME
| #define STDC_HEADERS 1
| #define HAVE_SYS_TYPES_H 1
| #define HAVE_SYS_STAT_H 1
| #define HAVE_STDLIB_H 1
| #define HAVE_STRING_H 1
| #define HAVE_MEMORY_H 1
| #define HAVE_STRINGS_H 1
| #define HAVE_INTTYPES_H 1
| #define HAVE_STDINT_H 1
| #define HAVE_UNISTD_H 1
| /* end confdefs.h.  */
| #include <stdio.h>
| #ifdef HAVE_SYS_TYPES_H
| # include <sys/types.h>
| #endif
| #ifdef HAVE_SYS_STAT_H
| # include <sys/stat.h>
| #endif
| #ifdef STDC_HEADERS
| # include <stdlib.h>
| # include <stddef.h>
| #else
| # ifdef HAVE_STDLIB_H
| #  include <stdlib.h>
| # endif
| #endif
| #ifdef HAVE_STRING_H
| # if !defined STDC_HEADERS && defined HAVE_MEMORY_H
| #  include <memory.h>
| # endif
| # include <string.h>
| #endif
| #ifdef HAVE_STRINGS_H
| # include <strings.h>
| #endif
| #ifdef HAVE_INTTYPES_H
| # include <inttypes.h>
| #endif
| #ifdef HAVE_STDINT_H
| # include <stdint.h>
| #endif
| #ifdef HAVE_UNISTD_H
| # include <unistd.h>
| #endif
| #include <minix/config.h>
configure:4827: result: no
configure:4827: checking minix/config.h presence
configure:4827: /usr/bin/gcc -E  conftest.c
conftest.c:20:26: fatal error: minix/config.h: No such file or directory
 #include <minix/config.h>
                          ^
compilation terminated.
configure:4827: $? = 1
configure: failed program was:
| /* confdefs.h */
| #define PACKAGE_NAME "ClamAV"
| #define PACKAGE_TARNAME "clamav"
| #define PACKAGE_VERSION "0.98.7"
| #define PACKAGE_STRING "ClamAV 0.98.7"
| #define PACKAGE_BUGREPORT "http://bugs.clamav.net/"
| #define PACKAGE_URL "http://www.clamav.net/"
| #define PACKAGE PACKAGE_NAME
| #define STDC_HEADERS 1
| #define HAVE_SYS_TYPES_H 1
| #define HAVE_SYS_STAT_H 1
| #define HAVE_STDLIB_H 1
| #define HAVE_STRING_H 1
| #define HAVE_MEMORY_H 1
| #define HAVE_STRINGS_H 1
| #define HAVE_INTTYPES_H 1
| #define HAVE_STDINT_H 1
| #define HAVE_UNISTD_H 1
| /* end confdefs.h.  */
| #include <minix/config.h>
configure:4827: result: no
configure:4827: checking for minix/config.h
configure:4827: result: no
configure:4848: checking whether it is safe to define __EXTENSIONS__
configure:4866: /usr/bin/gcc -c -g3 -gdwarf-2  conftest.c >&5
configure:4866: $? = 0
configure:4873: result: yes
configure:4975: checking how to print strings
configure:5002: result: printf
configure:5023: checking for a sed that does not truncate output
configure:5087: result: /bin/sed
configure:5105: checking for fgrep
configure:5167: result: /bin/grep -F
configure:5202: checking for ld used by /usr/bin/gcc
configure:5269: result: /usr/bin/ld
configure:5276: checking if the linker (/usr/bin/ld) is GNU ld
configure:5291: result: yes
configure:5303: checking for BSD- or MS-compatible name lister (nm)
configure:5352: result: /usr/bin/nm -B
configure:5482: checking the name lister (/usr/bin/nm -B) interface
configure:5489: /usr/bin/gcc -c -g3 -gdwarf-2  conftest.c >&5
configure:5492: /usr/bin/nm -B "conftest.o"
configure:5495: output
00000000 B some_variable
00000000 n wm4.0.5d68d2bb22985ce5a0492cd37e07be3b
00000000 n wm4.stdcpredef.h.19.22e8ded16952f5e606376dc7a0da8b23
configure:5502: result: BSD nm
configure:5505: checking whether ln -s works
configure:5509: result: yes
configure:5517: checking the maximum length of command line arguments
configure:5647: result: 1572864
configure:5664: checking whether the shell understands some XSI constructs
configure:5674: result: yes
configure:5678: checking whether the shell understands "+="
configure:5684: result: yes
configure:5719: checking how to convert armv7l-unknown-linux-gnueabihf file names to armv7l-unknown-linux-gnueabihf format
configure:5759: result: func_convert_file_noop
configure:5766: checking how to convert armv7l-unknown-linux-gnueabihf file names to toolchain format
configure:5786: result: func_convert_file_noop
configure:5793: checking for /usr/bin/ld option to reload object files
configure:5800: result: -r
configure:5874: checking for objdump
configure:5890: found /usr/bin/objdump
configure:5901: result: objdump
configure:5933: checking how to recognize dependent libraries
configure:6135: result: pass_all
configure:6220: checking for dlltool
configure:6250: result: no
configure:6280: checking how to associate runtime and link libraries
configure:6307: result: printf %s\n
configure:6367: checking for ar
configure:6383: found /usr/bin/ar
configure:6394: result: ar
configure:6431: checking for archiver @FILE support
configure:6448: /usr/bin/gcc -c -g3 -gdwarf-2  conftest.c >&5
configure:6448: $? = 0
configure:6451: ar cru libconftest.a @conftest.lst >&5
configure:6454: $? = 0
configure:6459: ar cru libconftest.a @conftest.lst >&5
ar: conftest.o: No such file or directory
configure:6462: $? = 1
configure:6474: result: @
configure:6532: checking for strip
configure:6548: found /usr/bin/strip
configure:6559: result: strip
configure:6631: checking for ranlib
configure:6647: found /usr/bin/ranlib
configure:6658: result: ranlib
configure:6760: checking command to parse /usr/bin/nm -B output from /usr/bin/gcc object
configure:6880: /usr/bin/gcc -c -g3 -gdwarf-2  conftest.c >&5
configure:6883: $? = 0
configure:6887: /usr/bin/nm -B conftest.o \| sed -n -e 's/^.*[ ]\([ABCDGIRSTW][ABCDGIRSTW]*\)[ ][ ]*\([_A-Za-z][_A-Za-z0-9]*\)$/\1 \2 \2/p' | sed '/ __gnu_lto/d' \> conftest.nm
configure:6890: $? = 0
configure:6956: /usr/bin/gcc -o conftest -g3 -gdwarf-2   conftest.c conftstm.o >&5
configure:6959: $? = 0
configure:6997: result: ok
configure:7034: checking for sysroot
configure:7064: result: no
configure:7320: checking for mt
configure:7336: found /bin/mt
configure:7347: result: mt
configure:7370: checking if mt is a manifest tool
configure:7376: mt '-?'
configure:7384: result: no
configure:8023: checking for dlfcn.h
configure:8023: /usr/bin/gcc -c -g3 -gdwarf-2  conftest.c >&5
configure:8023: $? = 0
configure:8023: result: yes
configure:8227: checking for objdir
configure:8242: result: .libs
configure:8513: checking if /usr/bin/gcc supports -fno-rtti -fno-exceptions
configure:8531: /usr/bin/gcc -c -g3 -gdwarf-2  -fno-rtti -fno-exceptions conftest.c >&5
cc1: warning: command line option '-fno-rtti' is valid for C++/ObjC++ but not for C
configure:8535: $? = 0
configure:8548: result: no
configure:8875: checking for /usr/bin/gcc option to produce PIC
configure:8882: result: -fPIC -DPIC
configure:8890: checking if /usr/bin/gcc PIC flag -fPIC -DPIC works
configure:8908: /usr/bin/gcc -c -g3 -gdwarf-2  -fPIC -DPIC -DPIC conftest.c >&5
configure:8912: $? = 0
configure:8925: result: yes
configure:8954: checking if /usr/bin/gcc static flag -static works
configure:8982: result: yes
configure:8997: checking if /usr/bin/gcc supports -c -o file.o
configure:9018: /usr/bin/gcc -c -g3 -gdwarf-2  -o out/conftest2.o conftest.c >&5
configure:9022: $? = 0
configure:9044: result: yes
configure:9052: checking if /usr/bin/gcc supports -c -o file.o
configure:9099: result: yes
configure:9132: checking whether the /usr/bin/gcc linker (/usr/bin/ld) supports shared libraries
configure:10285: result: yes
configure:10322: checking whether -lc should be explicitly linked in
configure:10330: /usr/bin/gcc -c -g3 -gdwarf-2  conftest.c >&5
configure:10333: $? = 0
configure:10348: /usr/bin/gcc -shared  -fPIC -DPIC conftest.o  -v -Wl,-soname -Wl,conftest -o conftest 2\>\&1 \| /bin/grep  -lc  \>/dev/null 2\>\&1
configure:10351: $? = 0
configure:10365: result: no
configure:10525: checking dynamic linker characteristics
configure:11036: /usr/bin/gcc -o conftest -g3 -gdwarf-2   -Wl,-rpath -Wl,/foo conftest.c  >&5
configure:11036: $? = 0
configure:11258: result: GNU/Linux ld.so
configure:11365: checking how to hardcode library paths into programs
configure:11390: result: immediate
configure:11484: checking for shl_load
configure:11484: /usr/bin/gcc -o conftest -g3 -gdwarf-2   conftest.c  >&5
/tmp/cc024ysA.o: In function `main':
/home/pi/Desktop/clamav-0.98.7/conftest.c:65: undefined reference to `shl_load'
collect2: error: ld returned 1 exit status
configure:11484: $? = 1
configure: failed program was:
| /* confdefs.h */
| #define PACKAGE_NAME "ClamAV"
| #define PACKAGE_TARNAME "clamav"
| #define PACKAGE_VERSION "0.98.7"
| #define PACKAGE_STRING "ClamAV 0.98.7"
| #define PACKAGE_BUGREPORT "http://bugs.clamav.net/"
| #define PACKAGE_URL "http://www.clamav.net/"
| #define PACKAGE PACKAGE_NAME
| #define STDC_HEADERS 1
| #define HAVE_SYS_TYPES_H 1
| #define HAVE_SYS_STAT_H 1
| #define HAVE_STDLIB_H 1
| #define HAVE_STRING_H 1
| #define HAVE_MEMORY_H 1
| #define HAVE_STRINGS_H 1
| #define HAVE_INTTYPES_H 1
| #define HAVE_STDINT_H 1
| #define HAVE_UNISTD_H 1
| #define __EXTENSIONS__ 1
| #define _ALL_SOURCE 1
| #define _GNU_SOURCE 1
| #define _POSIX_PTHREAD_SEMANTICS 1
| #define _TANDEM_SOURCE 1
| #define LIBCLAMAV_FULLVER "6.1.26"
| #define LIBCLAMAV_MAJORVER 6
| #define VERSION "0.98.7"
| #define VERSION_SUFFIX ""
| #define HAVE_DLFCN_H 1
| #define LT_OBJDIR ".libs/"
| /* end confdefs.h.  */
| /* Define shl_load to an innocuous variant, in case <limits.h> declares shl_load.
|    For example, HP-UX 11i <limits.h> declares gettimeofday.  */
| #define shl_load innocuous_shl_load
| 
| /* System header to define __stub macros and hopefully few prototypes,
|     which can conflict with char shl_load (); below.
|     Prefer <limits.h> to <assert.h> if __STDC__ is defined, since
|     <limits.h> exists even on freestanding compilers.  */
| 
| #ifdef __STDC__
| # include <limits.h>
| #else
| # include <assert.h>
| #endif
| 
| #undef shl_load
| 
| /* Override any GCC internal prototype to avoid an error.
|    Use char because int might match the return type of a GCC
|    builtin and then its argument prototype would still apply.  */
| #ifdef __cplusplus
| extern "C"
| #endif
| char shl_load ();
| /* The GNU C library defines this for functions which it implements
|     to always fail with ENOSYS.  Some functions are actually named
|     something starting with __ and the normal name is an alias.  */
| #if defined __stub_shl_load || defined __stub___shl_load
| choke me
| #endif
| 
| int
| main ()
| {
| return shl_load ();
|   ;
|   return 0;
| }
configure:11484: result: no
configure:11488: checking for shl_load in -ldld
configure:11513: /usr/bin/gcc -o conftest -g3 -gdwarf-2   conftest.c -ldld   >&5
/usr/bin/ld: cannot find -ldld
collect2: error: ld returned 1 exit status
configure:11513: $? = 1
configure: failed program was:
| /* confdefs.h */
| #define PACKAGE_NAME "ClamAV"
| #define PACKAGE_TARNAME "clamav"
| #define PACKAGE_VERSION "0.98.7"
| #define PACKAGE_STRING "ClamAV 0.98.7"
| #define PACKAGE_BUGREPORT "http://bugs.clamav.net/"
| #define PACKAGE_URL "http://www.clamav.net/"
| #define PACKAGE PACKAGE_NAME
| #define STDC_HEADERS 1
| #define HAVE_SYS_TYPES_H 1
| #define HAVE_SYS_STAT_H 1
| #define HAVE_STDLIB_H 1
| #define HAVE_STRING_H 1
| #define HAVE_MEMORY_H 1
| #define HAVE_STRINGS_H 1
| #define HAVE_INTTYPES_H 1
| #define HAVE_STDINT_H 1
| #define HAVE_UNISTD_H 1
| #define __EXTENSIONS__ 1
| #define _ALL_SOURCE 1
| #define _GNU_SOURCE 1
| #define _POSIX_PTHREAD_SEMANTICS 1
| #define _TANDEM_SOURCE 1
| #define LIBCLAMAV_FULLVER "6.1.26"
| #define LIBCLAMAV_MAJORVER 6
| #define VERSION "0.98.7"
| #define VERSION_SUFFIX ""
| #define HAVE_DLFCN_H 1
| #define LT_OBJDIR ".libs/"
| /* end confdefs.h.  */
| 
| /* Override any GCC internal prototype to avoid an error.
|    Use char because int might match the return type of a GCC
|    builtin and then its argument prototype would still apply.  */
| #ifdef __cplusplus
| extern "C"
| #endif
| char shl_load ();
| int
| main ()
| {
| return shl_load ();
|   ;
|   return 0;
| }
configure:11522: result: no
configure:11527: checking for dlopen
configure:11527: /usr/bin/gcc -o conftest -g3 -gdwarf-2   conftest.c  >&5
/tmp/ccwL0CLa.o: In function `main':
/home/pi/Desktop/clamav-0.98.7/conftest.c:65: undefined reference to `dlopen'
collect2: error: ld returned 1 exit status
configure:11527: $? = 1
configure: failed program was:
| /* confdefs.h */
| #define PACKAGE_NAME "ClamAV"
| #define PACKAGE_TARNAME "clamav"
| #define PACKAGE_VERSION "0.98.7"
| #define PACKAGE_STRING "ClamAV 0.98.7"
| #define PACKAGE_BUGREPORT "http://bugs.clamav.net/"
| #define PACKAGE_URL "http://www.clamav.net/"
| #define PACKAGE PACKAGE_NAME
| #define STDC_HEADERS 1
| #define HAVE_SYS_TYPES_H 1
| #define HAVE_SYS_STAT_H 1
| #define HAVE_STDLIB_H 1
| #define HAVE_STRING_H 1
| #define HAVE_MEMORY_H 1
| #define HAVE_STRINGS_H 1
| #define HAVE_INTTYPES_H 1
| #define HAVE_STDINT_H 1
| #define HAVE_UNISTD_H 1
| #define __EXTENSIONS__ 1
| #define _ALL_SOURCE 1
| #define _GNU_SOURCE 1
| #define _POSIX_PTHREAD_SEMANTICS 1
| #define _TANDEM_SOURCE 1
| #define LIBCLAMAV_FULLVER "6.1.26"
| #define LIBCLAMAV_MAJORVER 6
| #define VERSION "0.98.7"
| #define VERSION_SUFFIX ""
| #define HAVE_DLFCN_H 1
| #define LT_OBJDIR ".libs/"
| /* end confdefs.h.  */
| /* Define dlopen to an innocuous variant, in case <limits.h> declares dlopen.
|    For example, HP-UX 11i <limits.h> declares gettimeofday.  */
| #define dlopen innocuous_dlopen
| 
| /* System header to define __stub macros and hopefully few prototypes,
|     which can conflict with char dlopen (); below.
|     Prefer <limits.h> to <assert.h> if __STDC__ is defined, since
|     <limits.h> exists even on freestanding compilers.  */
| 
| #ifdef __STDC__
| # include <limits.h>
| #else
| # include <assert.h>
| #endif
| 
| #undef dlopen
| 
| /* Override any GCC internal prototype to avoid an error.
|    Use char because int might match the return type of a GCC
|    builtin and then its argument prototype would still apply.  */
| #ifdef __cplusplus
| extern "C"
| #endif
| char dlopen ();
| /* The GNU C library defines this for functions which it implements
|     to always fail with ENOSYS.  Some functions are actually named
|     something starting with __ and the normal name is an alias.  */
| #if defined __stub_dlopen || defined __stub___dlopen
| choke me
| #endif
| 
| int
| main ()
| {
| return dlopen ();
|   ;
|   return 0;
| }
configure:11527: result: no
configure:11531: checking for dlopen in -ldl
configure:11556: /usr/bin/gcc -o conftest -g3 -gdwarf-2   conftest.c -ldl   >&5
configure:11556: $? = 0
configure:11565: result: yes
configure:11684: checking whether a program can dlopen itself
configure:11764: /usr/bin/gcc -o conftest -g3 -gdwarf-2  -DHAVE_DLFCN_H  -Wl,--export-dynamic conftest.c -ldl  >&5
configure:11767: $? = 0
configure:11785: result: yes
configure:11790: checking whether a statically linked program can dlopen itself
configure:11870: /usr/bin/gcc -o conftest -g3 -gdwarf-2  -DHAVE_DLFCN_H  -Wl,--export-dynamic -static conftest.c -ldl  >&5
/tmp/ccOrEpQd.o: In function `main':
/home/pi/Desktop/clamav-0.98.7/configure:11849: warning: Using 'dlopen' in statically linked applications requires at runtime the shared libraries from the glibc version used for linking
configure:11873: $? = 0
conftest: undefined symbol: _fnord
configure:11891: result: no
configure:11930: checking whether stripping libraries is possible
configure:11935: result: yes
configure:11970: checking if libtool supports shared libraries
configure:11972: result: yes
configure:11975: checking whether to build shared libraries
configure:11996: result: yes
configure:11999: checking whether to build static libraries
configure:12003: result: no
configure:12040: checking which extension is used for runtime loadable modules
configure:12052: result: .so
configure:12069: checking which variable specifies run-time module search path
configure:12076: result: LD_LIBRARY_PATH
configure:12086: checking for the default library search path
configure:12093: result: /lib /usr/lib /opt/vc/lib /lib/arm-linux-gnueabihf /usr/lib/arm-linux-gnueabihf /usr/lib/arm-linux-gnueabihf/libfakeroot /usr/local/lib /usr/local/lib 
configure:12123: checking for library containing dlopen
configure:12154: /usr/bin/gcc -o conftest -g3 -gdwarf-2   conftest.c  >&5
/tmp/ccbxWvHf.o: In function `main':
/home/pi/Desktop/clamav-0.98.7/conftest.c:45: undefined reference to `dlopen'
collect2: error: ld returned 1 exit status
configure:12154: $? = 1
configure: failed program was:
| /* confdefs.h */
| #define PACKAGE_NAME "ClamAV"
| #define PACKAGE_TARNAME "clamav"
| #define PACKAGE_VERSION "0.98.7"
| #define PACKAGE_STRING "ClamAV 0.98.7"
| #define PACKAGE_BUGREPORT "http://bugs.clamav.net/"
| #define PACKAGE_URL "http://www.clamav.net/"
| #define PACKAGE PACKAGE_NAME
| #define STDC_HEADERS 1
| #define HAVE_SYS_TYPES_H 1
| #define HAVE_SYS_STAT_H 1
| #define HAVE_STDLIB_H 1
| #define HAVE_STRING_H 1
| #define HAVE_MEMORY_H 1
| #define HAVE_STRINGS_H 1
| #define HAVE_INTTYPES_H 1
| #define HAVE_STDINT_H 1
| #define HAVE_UNISTD_H 1
| #define __EXTENSIONS__ 1
| #define _ALL_SOURCE 1
| #define _GNU_SOURCE 1
| #define _POSIX_PTHREAD_SEMANTICS 1
| #define _TANDEM_SOURCE 1
| #define LIBCLAMAV_FULLVER "6.1.26"
| #define LIBCLAMAV_MAJORVER 6
| #define VERSION "0.98.7"
| #define VERSION_SUFFIX ""
| #define HAVE_DLFCN_H 1
| #define LT_OBJDIR ".libs/"
| #define LT_MODULE_EXT ".so"
| #define LT_MODULE_PATH_VAR "LD_LIBRARY_PATH"
| #define LT_DLSEARCH_PATH "/lib:/usr/lib:/opt/vc/lib:/lib/arm-linux-gnueabihf:/usr/lib/arm-linux-gnueabihf:/usr/lib/arm-linux-gnueabihf/libfakeroot:/usr/local/lib:/usr/local/lib"
| /* end confdefs.h.  */
| 
| /* Override any GCC internal prototype to avoid an error.
|    Use char because int might match the return type of a GCC
|    builtin and then its argument prototype would still apply.  */
| #ifdef __cplusplus
| extern "C"
| #endif
| char dlopen ();
| int
| main ()
| {
| return dlopen ();
|   ;
|   return 0;
| }
configure:12154: /usr/bin/gcc -o conftest -g3 -gdwarf-2   conftest.c -ldl   >&5
configure:12154: $? = 0
configure:12171: result: -ldl
configure:12261: checking for dlerror
configure:12261: /usr/bin/gcc -o conftest -g3 -gdwarf-2   conftest.c -ldl  -ldl >&5
configure:12261: $? = 0
configure:12261: result: yes
configure:12275: checking for shl_load
configure:12275: result: no
configure:12282: checking for shl_load in -ldld
configure:12316: result: no
configure:12362: checking for dld_link in -ldld
configure:12387: /usr/bin/gcc -o conftest -g3 -gdwarf-2   conftest.c -ldld  -ldl  >&5
/usr/bin/ld: cannot find -ldld
collect2: error: ld returned 1 exit status
configure:12387: $? = 1
configure: failed program was:
| /* confdefs.h */
| #define PACKAGE_NAME "ClamAV"
| #define PACKAGE_TARNAME "clamav"
| #define PACKAGE_VERSION "0.98.7"
| #define PACKAGE_STRING "ClamAV 0.98.7"
| #define PACKAGE_BUGREPORT "http://bugs.clamav.net/"
| #define PACKAGE_URL "http://www.clamav.net/"
| #define PACKAGE PACKAGE_NAME
| #define STDC_HEADERS 1
| #define HAVE_SYS_TYPES_H 1
| #define HAVE_SYS_STAT_H 1
| #define HAVE_STDLIB_H 1
| #define HAVE_STRING_H 1
| #define HAVE_MEMORY_H 1
| #define HAVE_STRINGS_H 1
| #define HAVE_INTTYPES_H 1
| #define HAVE_STDINT_H 1
| #define HAVE_UNISTD_H 1
| #define __EXTENSIONS__ 1
| #define _ALL_SOURCE 1
| #define _GNU_SOURCE 1
| #define _POSIX_PTHREAD_SEMANTICS 1
| #define _TANDEM_SOURCE 1
| #define LIBCLAMAV_FULLVER "6.1.26"
| #define LIBCLAMAV_MAJORVER 6
| #define VERSION "0.98.7"
| #define VERSION_SUFFIX ""
| #define HAVE_DLFCN_H 1
| #define LT_OBJDIR ".libs/"
| #define LT_MODULE_EXT ".so"
| #define LT_MODULE_PATH_VAR "LD_LIBRARY_PATH"
| #define LT_DLSEARCH_PATH "/lib:/usr/lib:/opt/vc/lib:/lib/arm-linux-gnueabihf:/usr/lib/arm-linux-gnueabihf:/usr/lib/arm-linux-gnueabihf/libfakeroot:/usr/local/lib:/usr/local/lib"
| #define HAVE_LIBDL 1
| #define HAVE_DLERROR 1
| /* end confdefs.h.  */
| 
| /* Override any GCC internal prototype to avoid an error.
|    Use char because int might match the return type of a GCC
|    builtin and then its argument prototype would still apply.  */
| #ifdef __cplusplus
| extern "C"
| #endif
| char dld_link ();
| int
| main ()
| {
| return dld_link ();
|   ;
|   return 0;
| }
configure:12396: result: no
configure:12430: checking for _ prefix in compiled symbols
configure:12440: /usr/bin/gcc -c -g3 -gdwarf-2  conftest.c >&5
configure:12443: $? = 0
configure:12447: /usr/bin/nm -B conftest.o \| sed -n -e 's/^.*[	 ]\([ABCDGIRSTW][ABCDGIRSTW]*\)[	 ][	 ]*\([_A-Za-z][_A-Za-z0-9]*\)$/\1 \2 \2/p' | sed '/ __gnu_lto/d' \> conftest.nm
configure:12450: $? = 0
configure:12472: result: no
configure:12596: checking whether deplibs are loaded by dlopen
configure:12690: result: yes
configure:12702: checking for argz.h
configure:12702: /usr/bin/gcc -c -g3 -gdwarf-2  conftest.c >&5
configure:12702: $? = 0
configure:12702: result: yes
configure:12714: checking for error_t
configure:12714: /usr/bin/gcc -c -g3 -gdwarf-2  conftest.c >&5
configure:12714: $? = 0
configure:12714: /usr/bin/gcc -c -g3 -gdwarf-2  conftest.c >&5
conftest.c: In function 'main':
conftest.c:45:22: error: expected expression before ')' token
 if (sizeof ((error_t)))
                      ^
configure:12714: $? = 1
configure: failed program was:
| /* confdefs.h */
| #define PACKAGE_NAME "ClamAV"
| #define PACKAGE_TARNAME "clamav"
| #define PACKAGE_VERSION "0.98.7"
| #define PACKAGE_STRING "ClamAV 0.98.7"
| #define PACKAGE_BUGREPORT "http://bugs.clamav.net/"
| #define PACKAGE_URL "http://www.clamav.net/"
| #define PACKAGE PACKAGE_NAME
| #define STDC_HEADERS 1
| #define HAVE_SYS_TYPES_H 1
| #define HAVE_SYS_STAT_H 1
| #define HAVE_STDLIB_H 1
| #define HAVE_STRING_H 1
| #define HAVE_MEMORY_H 1
| #define HAVE_STRINGS_H 1
| #define HAVE_INTTYPES_H 1
| #define HAVE_STDINT_H 1
| #define HAVE_UNISTD_H 1
| #define __EXTENSIONS__ 1
| #define _ALL_SOURCE 1
| #define _GNU_SOURCE 1
| #define _POSIX_PTHREAD_SEMANTICS 1
| #define _TANDEM_SOURCE 1
| #define LIBCLAMAV_FULLVER "6.1.26"
| #define LIBCLAMAV_MAJORVER 6
| #define VERSION "0.98.7"
| #define VERSION_SUFFIX ""
| #define HAVE_DLFCN_H 1
| #define LT_OBJDIR ".libs/"
| #define LT_MODULE_EXT ".so"
| #define LT_MODULE_PATH_VAR "LD_LIBRARY_PATH"
| #define LT_DLSEARCH_PATH "/lib:/usr/lib:/opt/vc/lib:/lib/arm-linux-gnueabihf:/usr/lib/arm-linux-gnueabihf:/usr/lib/arm-linux-gnueabihf/libfakeroot:/usr/local/lib:/usr/local/lib"
| #define HAVE_LIBDL 1
| #define HAVE_DLERROR 1
| #define HAVE_LIBDLLOADER 1
| #define HAVE_ARGZ_H 1
| /* end confdefs.h.  */
| #if defined(HAVE_ARGZ_H)
| #  include <argz.h>
| #endif
| 
| int
| main ()
| {
| if (sizeof ((error_t)))
| 	    return 0;
|   ;
|   return 0;
| }
configure:12714: result: yes
configure:12740: checking for argz_add
configure:12740: /usr/bin/gcc -o conftest -g3 -gdwarf-2   conftest.c -ldl  >&5
configure:12740: $? = 0
configure:12740: result: yes
configure:12740: checking for argz_append
configure:12740: /usr/bin/gcc -o conftest -g3 -gdwarf-2   conftest.c -ldl  >&5
configure:12740: $? = 0
configure:12740: result: yes
configure:12740: checking for argz_count
configure:12740: /usr/bin/gcc -o conftest -g3 -gdwarf-2   conftest.c -ldl  >&5
configure:12740: $? = 0
configure:12740: result: yes
configure:12740: checking for argz_create_sep
configure:12740: /usr/bin/gcc -o conftest -g3 -gdwarf-2   conftest.c -ldl  >&5

## ---------------- ##
## Cache variables. ##
## ---------------- ##

ac_cv_build=armv7l-unknown-linux-gnueabihf
ac_cv_c_compiler_gnu=yes
ac_cv_env_CC_set=set
ac_cv_env_CC_value=/usr/bin/gcc
ac_cv_env_CFLAGS_set=set
ac_cv_env_CFLAGS_value='-g3 -gdwarf-2'
ac_cv_env_CPPFLAGS_set=
ac_cv_env_CPPFLAGS_value=
ac_cv_env_CPP_set=
ac_cv_env_CPP_value=
ac_cv_env_LDFLAGS_set=
ac_cv_env_LDFLAGS_value=
ac_cv_env_LIBS_set=
ac_cv_env_LIBS_value=
ac_cv_env_build_alias_set=
ac_cv_env_build_alias_value=
ac_cv_env_host_alias_set=
ac_cv_env_host_alias_value=
ac_cv_env_target_alias_set=
ac_cv_env_target_alias_value=
ac_cv_func_argz_add=yes
ac_cv_func_argz_append=yes
ac_cv_func_argz_count=yes
ac_cv_func_dlerror=yes
ac_cv_func_dlopen=no
ac_cv_func_shl_load=no
ac_cv_header_argz_h=yes
ac_cv_header_dlfcn_h=yes
ac_cv_header_inttypes_h=yes
ac_cv_header_memory_h=yes
ac_cv_header_minix_config_h=no
ac_cv_header_stdc=yes
ac_cv_header_stdint_h=yes
ac_cv_header_stdlib_h=yes
ac_cv_header_string_h=yes
ac_cv_header_strings_h=yes
ac_cv_header_sys_stat_h=yes
ac_cv_header_sys_types_h=yes
ac_cv_header_unistd_h=yes
ac_cv_host=armv7l-unknown-linux-gnueabihf
ac_cv_lib_dl_dlopen=yes
ac_cv_lib_dld_dld_link=no
ac_cv_lib_dld_shl_load=no
ac_cv_objext=o
ac_cv_path_EGREP='/bin/grep -E'
ac_cv_path_FGREP='/bin/grep -F'
ac_cv_path_GREP=/bin/grep
ac_cv_path_SED=/bin/sed
ac_cv_path_install='/usr/bin/install -c'
ac_cv_path_mkdir=/bin/mkdir
ac_cv_prog_AWK=mawk
ac_cv_prog_CPP='/usr/bin/gcc -E'
ac_cv_prog_ac_ct_AR=ar
ac_cv_prog_ac_ct_CC=/usr/bin/gcc
ac_cv_prog_ac_ct_MANIFEST_TOOL=mt
ac_cv_prog_ac_ct_OBJDUMP=objdump
ac_cv_prog_ac_ct_RANLIB=ranlib
ac_cv_prog_ac_ct_STRIP=strip
ac_cv_prog_cc_c89=
ac_cv_prog_cc_g=yes
ac_cv_prog_make_make_set=yes
ac_cv_safe_to_define___extensions__=yes
ac_cv_search_dlopen=-ldl
ac_cv_target=armv7l-unknown-linux-gnueabihf
ac_cv_type_error_t=yes
am_cv_CC_dependencies_compiler_type=gcc3
am_cv_make_support_nested_variables=yes
am_cv_prog_tar_ustar=gnutar
libltdl_cv_lib_dl_dlopen=yes
libltdl_cv_shlibext=.so
libltdl_cv_shrext=.so
lt_cv_ar_at_file=@
lt_cv_archive_cmds_need_lc=no
lt_cv_deplibs_check_method=pass_all
lt_cv_dlopen=dlopen
lt_cv_dlopen_libs=-ldl
lt_cv_dlopen_self=yes
lt_cv_dlopen_self_static=no
lt_cv_file_magic_cmd='$MAGIC_CMD'
lt_cv_file_magic_test_file=
lt_cv_ld_reload_flag=-r
lt_cv_module_path_var=LD_LIBRARY_PATH
lt_cv_nm_interface='BSD nm'
lt_cv_objdir=.libs
lt_cv_path_LD=/usr/bin/ld
lt_cv_path_NM='/usr/bin/nm -B'
lt_cv_path_mainfest_tool=no
lt_cv_prog_compiler_c_o=yes
lt_cv_prog_compiler_pic='-fPIC -DPIC'
lt_cv_prog_compiler_pic_works=yes
lt_cv_prog_compiler_rtti_exceptions=no
lt_cv_prog_compiler_static_works=yes
lt_cv_prog_gnu_ld=yes
lt_cv_sharedlib_from_linklib_cmd='printf %s\n'
lt_cv_shlibpath_overrides_runpath=no
lt_cv_sys_dlopen_deplibs=yes
lt_cv_sys_dlsearch_path='/lib /usr/lib /opt/vc/lib /lib/arm-linux-gnueabihf /usr/lib/arm-linux-gnueabihf /usr/lib/arm-linux-gnueabihf/libfakeroot /usr/local/lib /usr/local/lib '
lt_cv_sys_global_symbol_pipe='sed -n -e '\''s/^.*[	 ]\([ABCDGIRSTW][ABCDGIRSTW]*\)[	 ][	 ]*\([_A-Za-z][_A-Za-z0-9]*\)$/\1 \2 \2/p'\'' | sed '\''/ __gnu_lto/d'\'''
lt_cv_sys_global_symbol_to_c_name_address='sed -n -e '\''s/^: \([^ ]*\)[ ]*$/  {\"\1\", (void *) 0},/p'\'' -e '\''s/^[ABCDGIRSTW]* \([^ ]*\) \([^ ]*\)$/  {"\2", (void *) \&\2},/p'\'''
lt_cv_sys_global_symbol_to_c_name_address_lib_prefix='sed -n -e '\''s/^: \([^ ]*\)[ ]*$/  {\"\1\", (void *) 0},/p'\'' -e '\''s/^[ABCDGIRSTW]* \([^ ]*\) \(lib[^ ]*\)$/  {"\2", (void *) \&\2},/p'\'' -e '\''s/^[ABCDGIRSTW]* \([^ ]*\) \([^ ]*\)$/  {"lib\2", (void *) \&\2},/p'\'''
lt_cv_sys_global_symbol_to_cdecl='sed -n -e '\''s/^T .* \(.*\)$/extern int \1();/p'\'' -e '\''s/^[ABCDGIRSTW]* .* \(.*\)$/extern char \1;/p'\'''
lt_cv_sys_max_cmd_len=1572864
lt_cv_sys_symbol_underscore=no
lt_cv_to_host_file_cmd=func_convert_file_noop
lt_cv_to_tool_file_cmd=func_convert_file_noop
